# JRE version: OpenJDK Runtime Environment Homebrew (25.0.1) (build 25.0.1)
# Java VM: OpenJDK 64-Bit Server VM Homebrew (25.0.1, mixed mode, sharing, tiered, compressed oops, compressed class ptrs, parallel gc, bsd-aarch64)
GC Precious Log:
 CardTable entry size: 512
 CPUs: 8 total, 8 available
 Memory: 16384M
 Large Page Support: Disabled
 NUMA Support: Disabled
 Compressed Oops: Enabled (Zero based)
 Alignments: Space 512K, Generation 512K, Heap 8M
 Heap Min Capacity: 104M
 Heap Initial Capacity: 104M
 Heap Max Capacity: 2G
 Pre-touch: Disabled
 Parallel Workers: 8
Heap:
 PSYoungGen      total 34304K, used 10976K [0x0000000455580000, 0x0000000458080000, 0x0000000480000000)
  eden space 32768K, 30% used [0x0000000455580000,0x0000000455f29040,0x0000000457580000)
  from space 1536K, 70% used [0x0000000457f00000,0x000000045800f2c0,0x0000000458080000)
  to   space 3584K, 0% used [0x0000000457980000,0x0000000457980000,0x0000000457d00000)
 ParOldGen       total 844800K, used 844657K [0x0000000400000000, 0x0000000433900000, 0x0000000455580000)
  object space 844800K, 99% used [0x0000000400000000,0x00000004338dc698,0x0000000433900000)
GC Heap Usage History (20 events):
Event: 23393.186 {heap Before GC invocations=4074 (full 15):
 PSYoungGen      total 34816K, used 34442K [0x0000000455580000, 0x0000000457900000, 0x0000000480000000)
  eden space 33280K, 100% used [0x0000000455580000,0x0000000457600000,0x0000000457600000)
  from space 1536K, 75% used [0x0000000457780000,0x00000004578a2910,0x0000000457900000)
  to   space 1536K, 0% used [0x0000000457600000,0x0000000457600000,0x0000000457780000)
 ParOldGen       total 833536K, used 833088K [0x0000000400000000, 0x0000000432e00000, 0x0000000455Event: 23393.188 {heap After GC invocations=4074 (full 15):
 PSYoungGen      total 34304K, used 858K [0x0000000455580000, 0x0000000457800000, 0x0000000480000000)
  eden space 33280K, 0% used [0x0000000455580000,0x0000000455580000,0x0000000457600000)
  from space 1024K, 83% used [0x0000000457600000,0x00000004576d6900,0x0000000457700000)
  to   space 1024K, 0% used [0x0000000457700000,0x0000000457700000,0x0000000457800000)
 ParOldGen       total 834560K, used 834112K [0x0000000400000000, 0x0000000432f00000, 0x000000045558000Event: 23393.213 {heap Before GC invocations=4075 (full 15):
 PSYoungGen      total 34304K, used 34138K [0x0000000455580000, 0x0000000457800000, 0x0000000480000000)
  eden space 33280K, 100% used [0x0000000455580000,0x0000000457600000,0x0000000457600000)
  from space 1024K, 83% used [0x0000000457600000,0x00000004576d6900,0x0000000457700000)
  to   space 1024K, 0% used [0x0000000457700000,0x0000000457700000,0x0000000457800000)
 ParOldGen       total 834560K, used 834112K [0x0000000400000000, 0x0000000432f00000, 0x0000000455Event: 23393.214 {heap After GC invocations=4075 (full 15):
 PSYoungGen      total 34304K, used 970K [0x0000000455580000, 0x0000000457800000, 0x0000000480000000)
  eden space 33280K, 0% used [0x0000000455580000,0x0000000455580000,0x0000000457600000)
  from space 1024K, 94% used [0x0000000457700000,0x00000004577f2910,0x0000000457800000)
  to   space 1024K, 0% used [0x0000000457600000,0x0000000457600000,0x0000000457700000)
 ParOldGen       total 835072K, used 834813K [0x0000000400000000, 0x0000000432f80000, 0x000000045558000Event: 23422.055 {heap Before GC invocations=4076 (full 15):
 PSYoungGen      total 34304K, used 34250K [0x0000000455580000, 0x0000000457800000, 0x0000000480000000)
  eden space 33280K, 100% used [0x0000000455580000,0x0000000457600000,0x0000000457600000)
  from space 1024K, 94% used [0x0000000457700000,0x00000004577f2910,0x0000000457800000)
  to   space 1024K, 0% used [0x0000000457600000,0x0000000457600000,0x0000000457700000)
 ParOldGen       total 835072K, used 834813K [0x0000000400000000, 0x0000000432f80000, 0x0000000455Event: 23422.097 {heap After GC invocations=4076 (full 15):
 PSYoungGen      total 33792K, used 992K [0x0000000455580000, 0x0000000457b80000, 0x0000000480000000)
  eden space 32768K, 0% used [0x0000000455580000,0x0000000455580000,0x0000000457580000)
  from space 1024K, 96% used [0x0000000457600000,0x00000004576f8040,0x0000000457700000)
  to   space 3072K, 0% used [0x0000000457880000,0x0000000457880000,0x0000000457b80000)
 ParOldGen       total 836608K, used 836155K [0x0000000400000000, 0x0000000433100000, 0x000000045558000Event: 23698.643 {heap Before GC invocations=4077 (full 15):
 PSYoungGen      total 33792K, used 33760K [0x0000000455580000, 0x0000000457b80000, 0x0000000480000000)
  eden space 32768K, 100% used [0x0000000455580000,0x0000000457580000,0x0000000457580000)
  from space 1024K, 96% used [0x0000000457600000,0x00000004576f8040,0x0000000457700000)
  to   space 3072K, 0% used [0x0000000457880000,0x0000000457880000,0x0000000457b80000)
 ParOldGen       total 836608K, used 836155K [0x0000000400000000, 0x0000000433100000, 0x0000000455Event: 23698.692 {heap After GC invocations=4077 (full 15):
 PSYoungGen      total 33792K, used 416K [0x0000000455580000, 0x0000000457900000, 0x0000000480000000)
  eden space 33280K, 0% used [0x0000000455580000,0x0000000455580000,0x0000000457600000)
  from space 512K, 81% used [0x0000000457880000,0x00000004578e8040,0x0000000457900000)
  to   space 1536K, 0% used [0x0000000457600000,0x0000000457600000,0x0000000457780000)
 ParOldGen       total 837120K, used 837020K [0x0000000400000000, 0x0000000433180000, 0x0000000455580000Event: 24785.569 {heap Before GC invocations=4078 (full 15):
 PSYoungGen      total 33792K, used 33696K [0x0000000455580000, 0x0000000457900000, 0x0000000480000000)
  eden space 33280K, 100% used [0x0000000455580000,0x0000000457600000,0x0000000457600000)
  from space 512K, 81% used [0x0000000457880000,0x00000004578e8040,0x0000000457900000)
  to   space 1536K, 0% used [0x0000000457600000,0x0000000457600000,0x0000000457780000)
 ParOldGen       total 837120K, used 837020K [0x0000000400000000, 0x0000000433180000, 0x00000004555Event: 24785.639 {heap After GC invocations=4078 (full 15):
 PSYoungGen      total 34816K, used 432K [0x0000000455580000, 0x0000000457900000, 0x0000000480000000)
  eden space 33280K, 0% used [0x0000000455580000,0x0000000455580000,0x0000000457600000)
  from space 1536K, 28% used [0x0000000457600000,0x000000045766c030,0x0000000457780000)
  to   space 1024K, 0% used [0x0000000457800000,0x0000000457800000,0x0000000457900000)
 ParOldGen       total 837632K, used 837220K [0x0000000400000000, 0x0000000433200000, 0x000000045558000Event: 25503.487 {heap Before GC invocations=4079 (full 15):
 PSYoungGen      total 34816K, used 33712K [0x0000000455580000, 0x0000000457900000, 0x0000000480000000)
  eden space 33280K, 100% used [0x0000000455580000,0x0000000457600000,0x0000000457600000)
  from space 1536K, 28% used [0x0000000457600000,0x000000045766c030,0x0000000457780000)
  to   space 1024K, 0% used [0x0000000457800000,0x0000000457800000,0x0000000457900000)
 ParOldGen       total 837632K, used 837220K [0x0000000400000000, 0x0000000433200000, 0x0000000455Event: 25503.538 {heap After GC invocations=4079 (full 15):
 PSYoungGen      total 35328K, used 512K [0x0000000455580000, 0x0000000457900000, 0x0000000480000000)
  eden space 34304K, 0% used [0x0000000455580000,0x0000000455580000,0x0000000457700000)
  from space 1024K, 50% used [0x0000000457800000,0x0000000457880060,0x0000000457900000)
  to   space 1024K, 0% used [0x0000000457700000,0x0000000457700000,0x0000000457800000)
 ParOldGen       total 837632K, used 837300K [0x0000000400000000, 0x0000000433200000, 0x000000045558000Event: 26212.826 {heap Before GC invocations=4080 (full 15):
 PSYoungGen      total 35328K, used 34816K [0x0000000455580000, 0x0000000457900000, 0x0000000480000000)
  eden space 34304K, 100% used [0x0000000455580000,0x0000000457700000,0x0000000457700000)
  from space 1024K, 50% used [0x0000000457800000,0x0000000457880060,0x0000000457900000)
  to   space 1024K, 0% used [0x0000000457700000,0x0000000457700000,0x0000000457800000)
 ParOldGen       total 837632K, used 837300K [0x0000000400000000, 0x0000000433200000, 0x0000000455Event: 26212.906 {heap After GC invocations=4080 (full 15):
 PSYoungGen      total 35328K, used 400K [0x0000000455580000, 0x0000000457880000, 0x0000000480000000)
  eden space 34304K, 0% used [0x0000000455580000,0x0000000455580000,0x0000000457700000)
  from space 1024K, 39% used [0x0000000457700000,0x0000000457764010,0x0000000457800000)
  to   space 512K, 0% used [0x0000000457800000,0x0000000457800000,0x0000000457880000)
 ParOldGen       total 837632K, used 837544K [0x0000000400000000, 0x0000000433200000, 0x0000000455580000Event: 26501.416 {heap Before GC invocations=4081 (full 15):
 PSYoungGen      total 35328K, used 34688K [0x0000000455580000, 0x0000000457880000, 0x0000000480000000)
  eden space 34304K, 99% used [0x0000000455580000,0x00000004576fc1b8,0x0000000457700000)
  from space 1024K, 39% used [0x0000000457700000,0x0000000457764010,0x0000000457800000)
  to   space 512K, 0% used [0x0000000457800000,0x0000000457800000,0x0000000457880000)
 ParOldGen       total 837632K, used 837544K [0x0000000400000000, 0x0000000433200000, 0x000000045558Event: 26501.436 {heap After GC invocations=4081 (full 15):
 PSYoungGen      total 34304K, used 493K [0x0000000455580000, 0x0000000457880000, 0x0000000480000000)
  eden space 33792K, 0% used [0x0000000455580000,0x0000000455580000,0x0000000457680000)
  from space 512K, 96% used [0x0000000457800000,0x000000045787b720,0x0000000457880000)
  to   space 1024K, 0% used [0x0000000457680000,0x0000000457680000,0x0000000457780000)
 ParOldGen       total 838144K, used 837648K [0x0000000400000000, 0x0000000433280000, 0x0000000455580000Event: 26501.660 {heap Before GC invocations=4082 (full 15):
 PSYoungGen      total 34304K, used 34285K [0x0000000455580000, 0x0000000457880000, 0x0000000480000000)
  eden space 33792K, 100% used [0x0000000455580000,0x0000000457680000,0x0000000457680000)
  from space 512K, 96% used [0x0000000457800000,0x000000045787b720,0x0000000457880000)
  to   space 1024K, 0% used [0x0000000457680000,0x0000000457680000,0x0000000457780000)
 ParOldGen       total 838144K, used 837648K [0x0000000400000000, 0x0000000433280000, 0x00000004555Event: 26501.663 {heap After GC invocations=4082 (full 15):
 PSYoungGen      total 34304K, used 1009K [0x0000000455580000, 0x0000000458800000, 0x0000000480000000)
  eden space 33280K, 0% used [0x0000000455580000,0x0000000455580000,0x0000000457600000)
  from space 1024K, 98% used [0x0000000457680000,0x000000045777c490,0x0000000457780000)
  to   space 9216K, 0% used [0x0000000457f00000,0x0000000457f00000,0x0000000458800000)
 ParOldGen       total 844288K, used 844285K [0x0000000400000000, 0x0000000433880000, 0x00000004555800Event: 26502.350 {heap Before GC invocations=4083 (full 15):
 PSYoungGen      total 34304K, used 34289K [0x0000000455580000, 0x0000000458800000, 0x0000000480000000)
  eden space 33280K, 100% used [0x0000000455580000,0x0000000457600000,0x0000000457600000)
  from space 1024K, 98% used [0x0000000457680000,0x000000045777c490,0x0000000457780000)
  to   space 9216K, 0% used [0x0000000457f00000,0x0000000457f00000,0x0000000458800000)
 ParOldGen       total 844288K, used 844285K [0x0000000400000000, 0x0000000433880000, 0x0000000455Event: 26502.352 {heap After GC invocations=4083 (full 15):
 PSYoungGen      total 34304K, used 1084K [0x0000000455580000, 0x0000000458080000, 0x0000000480000000)
  eden space 32768K, 0% used [0x0000000455580000,0x0000000455580000,0x0000000457580000)
  from space 1536K, 70% used [0x0000000457f00000,0x000000045800f2c0,0x0000000458080000)
  to   space 3584K, 0% used [0x0000000457980000,0x0000000457980000,0x0000000457d00000)
 ParOldGen       total 844800K, used 844657K [0x0000000400000000, 0x0000000433900000, 0x00000004555800
Metaspace Usage History (20 events):
Event: 23393.186 {metaspace Before GC invocations=4074 (full 15):
 Metaspace       used 107650K, committed 109376K, reserved 1179648K
  class space    used 9085K, committed 9856K, reserved 1048576K
}
Event: 23393.188 {metaspace After GC invocations=4074 (full 15):
 Metaspace       used 107650K, committed 109376K, reserved 1179648K
  class space    used 9085K, committed 9856K, reserved 1048576K
}
Event: 23393.213 {metaspace Before GC invocations=4075 (full 15):
 Metaspace       used 107650K, committed 109376K, reserved 1179648K
  class space    used 9085K, committed 9856K, reserved 1048576K
}
Event: 23393.214 {metaspace After GC invocations=4075 (full 15):
 Metaspace       used 107650K, committed 109376K, reserved 1179648K
  class space    used 9085K, committed 9856K, reserved 1048576K
}
Event: 23422.055 {metaspace Before GC invocations=4076 (full 15):
 Metaspace       used 107669K, committed 109440K, reserved 1179648K
  class space    used 9085K, committed 9856K, reserved 1048576K
}
Event: 23422.097 {metaspace After GC invocations=4076 (full 15):
 Metaspace       used 107669K, committed 109440K, reserved 1179648K
  class space    used 9085K, committed 9856K, reserved 1048576K
}
Event: 23698.643 {metaspace Before GC invocations=4077 (full 15):
 Metaspace       used 107669K, committed 109440K, reserved 1179648K
  class space    used 9085K, committed 9856K, reserved 1048576K
}
Event: 23698.692 {metaspace After GC invocations=4077 (full 15):
 Metaspace       used 107669K, committed 109440K, reserved 1179648K
  class space    used 9085K, committed 9856K, reserved 1048576K
}
Event: 24785.570 {metaspace Before GC invocations=4078 (full 15):
 Metaspace       used 107670K, committed 109440K, reserved 1179648K
  class space    used 9085K, committed 9856K, reserved 1048576K
}
Event: 24785.639 {metaspace After GC invocations=4078 (full 15):
 Metaspace       used 107670K, committed 109440K, reserved 1179648K
  class space    used 9085K, committed 9856K, reserved 1048576K
}
Event: 25503.487 {metaspace Before GC invocations=4079 (full 15):
 Metaspace       used 107670K, committed 109440K, reserved 1179648K
  class space    used 9085K, committed 9856K, reserved 1048576K
}
Event: 25503.538 {metaspace After GC invocations=4079 (full 15):
 Metaspace       used 107670K, committed 109440K, reserved 1179648K
  class space    used 9085K, committed 9856K, reserved 1048576K
}
Event: 26212.826 {metaspace Before GC invocations=4080 (full 15):
 Metaspace       used 107672K, committed 109440K, reserved 1179648K
  class space    used 9085K, committed 9856K, reserved 1048576K
}
Event: 26212.906 {metaspace After GC invocations=4080 (full 15):
 Metaspace       used 107672K, committed 109440K, reserved 1179648K
  class space    used 9085K, committed 9856K, reserved 1048576K
}
Event: 26501.416 {metaspace Before GC invocations=4081 (full 15):
 Metaspace       used 107723K, committed 109504K, reserved 1179648K
  class space    used 9095K, committed 9920K, reserved 1048576K
}
Event: 26501.436 {metaspace After GC invocations=4081 (full 15):
 Metaspace       used 107723K, committed 109504K, reserved 1179648K
  class space    used 9095K, committed 9920K, reserved 1048576K
}
Event: 26501.660 {metaspace Before GC invocations=4082 (full 15):
 Metaspace       used 107935K, committed 109696K, reserved 1179648K
  class space    used 9121K, committed 9920K, reserved 1048576K
}
Event: 26501.663 {metaspace After GC invocations=4082 (full 15):
 Metaspace       used 107935K, committed 109696K, reserved 1179648K
  class space    used 9121K, committed 9920K, reserved 1048576K
}
Event: 26502.350 {metaspace Before GC invocations=4083 (full 15):
 Metaspace       used 108957K, committed 111296K, reserved 1179648K
  class space    used 9340K, committed 10368K, reserved 1048576K
}
Event: 26502.352 {metaspace After GC invocations=4083 (full 15):
 Metaspace       used 108957K, committed 111296K, reserved 1179648K
  class space    used 9340K, committed 10368K, reserved 1048576K
}

