# JRE version: OpenJDK Runtime Environment Homebrew (25.0.1) (build 25.0.1)
# Java VM: OpenJDK 64-Bit Server VM Homebrew (25.0.1, mixed mode, sharing, tiered, compressed oops, compressed class ptrs, parallel gc, bsd-aarch64)
GC Precious Log:
 CardTable entry size: 512
 CPUs: 8 total, 8 available
 Memory: 16384M
 Large Page Support: Disabled
 NUMA Support: Disabled
 Compressed Oops: Enabled (Zero based)
 Alignments: Space 512K, Generation 512K, Heap 8M
 Heap Min Capacity: 104M
 Heap Initial Capacity: 104M
 Heap Max Capacity: 2G
 Pre-touch: Disabled
 Parallel Workers: 8
Heap:
 PSYoungGen      total 47616K, used 47194K [0x0000000455580000, 0x0000000458e00000, 0x0000000480000000)
  eden space 47104K, 99% used [0x0000000455580000,0x000000045831eb70,0x0000000458380000)
  from space 512K, 93% used [0x0000000458d80000,0x0000000458df8020,0x0000000458e00000)
  to   space 3584K, 0% used [0x0000000458700000,0x0000000458700000,0x0000000458a80000)
 ParOldGen       total 260608K, used 242178K [0x0000000400000000, 0x000000040fe80000, 0x0000000455580000)
  object space 260608K, 92% used [0x0000000400000000,0x000000040ec80b08,0x000000040fe80000)
GC Heap Usage History (20 events):
Event: 25751.148 {heap Before GC invocations=696 (full 7):
 PSYoungGen      total 53248K, used 34816K [0x0000000455580000, 0x0000000459c80000, 0x0000000480000000)
  eden space 34816K, 100% used [0x0000000455580000,0x0000000457780000,0x0000000457780000)
  from space 18432K, 0% used [0x0000000458a80000,0x0000000458a80000,0x0000000459c80000)
  to   space 18944K, 0% used [0x0000000457780000,0x0000000457780000,0x0000000458a00000)
 ParOldGen       total 260608K, used 215706K [0x0000000400000000, 0x000000040fe80000, 0x00000004555Event: 25751.178 {heap After GC invocations=696 (full 7):
 PSYoungGen      total 53248K, used 18931K [0x0000000455580000, 0x000000045a800000, 0x0000000480000000)
  eden space 34304K, 0% used [0x0000000455580000,0x0000000455580000,0x0000000457700000)
  from space 18944K, 99% used [0x0000000457780000,0x00000004589fcee0,0x0000000458a00000)
  to   space 25088K, 0% used [0x0000000458f80000,0x0000000458f80000,0x000000045a800000)
 ParOldGen       total 260608K, used 219762K [0x0000000400000000, 0x000000040fe80000, 0x0000000455580Event: 25939.409 {heap Before GC invocations=697 (full 7):
 PSYoungGen      total 53248K, used 53235K [0x0000000455580000, 0x000000045a800000, 0x0000000480000000)
  eden space 34304K, 100% used [0x0000000455580000,0x0000000457700000,0x0000000457700000)
  from space 18944K, 99% used [0x0000000457780000,0x00000004589fcee0,0x0000000458a00000)
  to   space 25088K, 0% used [0x0000000458f80000,0x0000000458f80000,0x000000045a800000)
 ParOldGen       total 260608K, used 219762K [0x0000000400000000, 0x000000040fe80000, 0x0000000455Event: 25939.439 {heap After GC invocations=697 (full 7):
 PSYoungGen      total 34816K, used 608K [0x0000000455580000, 0x0000000459080000, 0x0000000480000000)
  eden space 33792K, 0% used [0x0000000455580000,0x0000000455580000,0x0000000457680000)
  from space 1024K, 59% used [0x0000000458f80000,0x0000000459018060,0x0000000459080000)
  to   space 9216K, 0% used [0x0000000457e80000,0x0000000457e80000,0x0000000458780000)
 ParOldGen       total 260608K, used 238550K [0x0000000400000000, 0x000000040fe80000, 0x0000000455580000)Event: 26272.367 {heap Before GC invocations=698 (full 7):
 PSYoungGen      total 34816K, used 34400K [0x0000000455580000, 0x0000000459080000, 0x0000000480000000)
  eden space 33792K, 100% used [0x0000000455580000,0x0000000457680000,0x0000000457680000)
  from space 1024K, 59% used [0x0000000458f80000,0x0000000459018060,0x0000000459080000)
  to   space 9216K, 0% used [0x0000000457e80000,0x0000000457e80000,0x0000000458780000)
 ParOldGen       total 260608K, used 238550K [0x0000000400000000, 0x000000040fe80000, 0x000000045558Event: 26272.396 {heap After GC invocations=698 (full 7):
 PSYoungGen      total 42496K, used 560K [0x0000000455580000, 0x0000000459000000, 0x0000000480000000)
  eden space 33280K, 0% used [0x0000000455580000,0x0000000455580000,0x0000000457600000)
  from space 9216K, 6% used [0x0000000457e80000,0x0000000457f0c050,0x0000000458780000)
  to   space 2048K, 0% used [0x0000000458e00000,0x0000000458e00000,0x0000000459000000)
 ParOldGen       total 260608K, used 238710K [0x0000000400000000, 0x000000040fe80000, 0x0000000455580000)
Event: 26727.476 {heap Before GC invocations=699 (full 7):
 PSYoungGen      total 42496K, used 33840K [0x0000000455580000, 0x0000000459000000, 0x0000000480000000)
  eden space 33280K, 100% used [0x0000000455580000,0x0000000457600000,0x0000000457600000)
  from space 9216K, 6% used [0x0000000457e80000,0x0000000457f0c050,0x0000000458780000)
  to   space 2048K, 0% used [0x0000000458e00000,0x0000000458e00000,0x0000000459000000)
 ParOldGen       total 260608K, used 238710K [0x0000000400000000, 0x000000040fe80000, 0x0000000455580Event: 26727.500 {heap After GC invocations=699 (full 7):
 PSYoungGen      total 56832K, used 496K [0x0000000455580000, 0x0000000458e80000, 0x0000000480000000)
  eden space 56320K, 0% used [0x0000000455580000,0x0000000455580000,0x0000000458c80000)
  from space 512K, 96% used [0x0000000458e00000,0x0000000458e7c030,0x0000000458e80000)
  to   space 1024K, 0% used [0x0000000458c80000,0x0000000458c80000,0x0000000458d80000)
 ParOldGen       total 260608K, used 238782K [0x0000000400000000, 0x000000040fe80000, 0x0000000455580000)
Event: 27457.439 {heap Before GC invocations=700 (full 7):
 PSYoungGen      total 56832K, used 56816K [0x0000000455580000, 0x0000000458e80000, 0x0000000480000000)
  eden space 56320K, 100% used [0x0000000455580000,0x0000000458c80000,0x0000000458c80000)
  from space 512K, 96% used [0x0000000458e00000,0x0000000458e7c030,0x0000000458e80000)
  to   space 1024K, 0% used [0x0000000458c80000,0x0000000458c80000,0x0000000458d80000)
 ParOldGen       total 260608K, used 238782K [0x0000000400000000, 0x000000040fe80000, 0x0000000455580Event: 27457.457 {heap After GC invocations=700 (full 7):
 PSYoungGen      total 55808K, used 448K [0x0000000455580000, 0x0000000458e80000, 0x0000000480000000)
  eden space 54784K, 0% used [0x0000000455580000,0x0000000455580000,0x0000000458b00000)
  from space 1024K, 43% used [0x0000000458c80000,0x0000000458cf0040,0x0000000458d80000)
  to   space 512K, 0% used [0x0000000458e00000,0x0000000458e00000,0x0000000458e80000)
 ParOldGen       total 260608K, used 238862K [0x0000000400000000, 0x000000040fe80000, 0x0000000455580000)
Event: 28062.883 {heap Before GC invocations=701 (full 7):
 PSYoungGen      total 55808K, used 55232K [0x0000000455580000, 0x0000000458e80000, 0x0000000480000000)
  eden space 54784K, 100% used [0x0000000455580000,0x0000000458b00000,0x0000000458b00000)
  from space 1024K, 43% used [0x0000000458c80000,0x0000000458cf0040,0x0000000458d80000)
  to   space 512K, 0% used [0x0000000458e00000,0x0000000458e00000,0x0000000458e80000)
 ParOldGen       total 260608K, used 238862K [0x0000000400000000, 0x000000040fe80000, 0x0000000455580Event: 28062.907 {heap After GC invocations=701 (full 7):
 PSYoungGen      total 53760K, used 480K [0x0000000455580000, 0x0000000458e80000, 0x0000000480000000)
  eden space 53248K, 0% used [0x0000000455580000,0x0000000455580000,0x0000000458980000)
  from space 512K, 93% used [0x0000000458e00000,0x0000000458e780a0,0x0000000458e80000)
  to   space 1024K, 0% used [0x0000000458c80000,0x0000000458c80000,0x0000000458d80000)
 ParOldGen       total 260608K, used 239198K [0x0000000400000000, 0x000000040fe80000, 0x0000000455580000)
Event: 28999.996 {heap Before GC invocations=702 (full 7):
 PSYoungGen      total 53760K, used 53728K [0x0000000455580000, 0x0000000458e80000, 0x0000000480000000)
  eden space 53248K, 100% used [0x0000000455580000,0x0000000458980000,0x0000000458980000)
  from space 512K, 93% used [0x0000000458e00000,0x0000000458e780a0,0x0000000458e80000)
  to   space 1024K, 0% used [0x0000000458c80000,0x0000000458c80000,0x0000000458d80000)
 ParOldGen       total 260608K, used 239198K [0x0000000400000000, 0x000000040fe80000, 0x0000000455580Event: 29000.014 {heap After GC invocations=702 (full 7):
 PSYoungGen      total 52736K, used 480K [0x0000000455580000, 0x0000000458e80000, 0x0000000480000000)
  eden space 51712K, 0% used [0x0000000455580000,0x0000000455580000,0x0000000458800000)
  from space 1024K, 46% used [0x0000000458c80000,0x0000000458cf8040,0x0000000458d80000)
  to   space 1024K, 0% used [0x0000000458d80000,0x0000000458d80000,0x0000000458e80000)
 ParOldGen       total 260608K, used 239286K [0x0000000400000000, 0x000000040fe80000, 0x0000000455580000)Event: 29371.747 {heap Before GC invocations=703 (full 7):
 PSYoungGen      total 52736K, used 52192K [0x0000000455580000, 0x0000000458e80000, 0x0000000480000000)
  eden space 51712K, 100% used [0x0000000455580000,0x0000000458800000,0x0000000458800000)
  from space 1024K, 46% used [0x0000000458c80000,0x0000000458cf8040,0x0000000458d80000)
  to   space 1024K, 0% used [0x0000000458d80000,0x0000000458d80000,0x0000000458e80000)
 ParOldGen       total 260608K, used 239286K [0x0000000400000000, 0x000000040fe80000, 0x000000045558Event: 29371.771 {heap After GC invocations=703 (full 7):
 PSYoungGen      total 51200K, used 560K [0x0000000455580000, 0x0000000458e80000, 0x0000000480000000)
  eden space 50176K, 0% used [0x0000000455580000,0x0000000455580000,0x0000000458680000)
  from space 1024K, 54% used [0x0000000458d80000,0x0000000458e0c070,0x0000000458e80000)
  to   space 1024K, 0% used [0x0000000458c80000,0x0000000458c80000,0x0000000458d80000)
 ParOldGen       total 260608K, used 239550K [0x0000000400000000, 0x000000040fe80000, 0x0000000455580000)Event: 31196.461 {heap Before GC invocations=704 (full 7):
 PSYoungGen      total 51200K, used 50736K [0x0000000455580000, 0x0000000458e80000, 0x0000000480000000)
  eden space 50176K, 100% used [0x0000000455580000,0x0000000458680000,0x0000000458680000)
  from space 1024K, 54% used [0x0000000458d80000,0x0000000458e0c070,0x0000000458e80000)
  to   space 1024K, 0% used [0x0000000458c80000,0x0000000458c80000,0x0000000458d80000)
 ParOldGen       total 260608K, used 239550K [0x0000000400000000, 0x000000040fe80000, 0x000000045558Event: 31196.480 {heap After GC invocations=704 (full 7):
 PSYoungGen      total 49664K, used 512K [0x0000000455580000, 0x0000000458e00000, 0x0000000480000000)
  eden space 48640K, 0% used [0x0000000455580000,0x0000000455580000,0x0000000458500000)
  from space 1024K, 50% used [0x0000000458c80000,0x0000000458d00040,0x0000000458d80000)
  to   space 512K, 0% used [0x0000000458d80000,0x0000000458d80000,0x0000000458e00000)
 ParOldGen       total 260608K, used 239654K [0x0000000400000000, 0x000000040fe80000, 0x0000000455580000)
Event: 31309.665 {heap Before GC invocations=705 (full 7):
 PSYoungGen      total 49664K, used 49152K [0x0000000455580000, 0x0000000458e00000, 0x0000000480000000)
  eden space 48640K, 100% used [0x0000000455580000,0x0000000458500000,0x0000000458500000)
  from space 1024K, 50% used [0x0000000458c80000,0x0000000458d00040,0x0000000458d80000)
  to   space 512K, 0% used [0x0000000458d80000,0x0000000458d80000,0x0000000458e00000)
 ParOldGen       total 260608K, used 239654K [0x0000000400000000, 0x000000040fe80000, 0x0000000455580Event: 31309.677 {heap After GC invocations=705 (full 7):
 PSYoungGen      total 47616K, used 480K [0x0000000455580000, 0x0000000458e00000, 0x0000000480000000)
  eden space 47104K, 0% used [0x0000000455580000,0x0000000455580000,0x0000000458380000)
  from space 512K, 93% used [0x0000000458d80000,0x0000000458df8020,0x0000000458e00000)
  to   space 3584K, 0% used [0x0000000458700000,0x0000000458700000,0x0000000458a80000)
 ParOldGen       total 260608K, used 242178K [0x0000000400000000, 0x000000040fe80000, 0x0000000455580000)

