# JRE version: OpenJDK Runtime Environment Homebrew (25.0.1) (build 25.0.1)
# Java VM: OpenJDK 64-Bit Server VM Homebrew (25.0.1, mixed mode, sharing, tiered, compressed oops, compressed class ptrs, parallel gc, bsd-aarch64)
GC Precious Log:
 CardTable entry size: 512
 CPUs: 8 total, 8 available
 Memory: 16384M
 Large Page Support: Disabled
 NUMA Support: Disabled
 Compressed Oops: Enabled (Zero based)
 Alignments: Space 512K, Generation 512K, Heap 8M
 Heap Min Capacity: 104M
 Heap Initial Capacity: 104M
 Heap Max Capacity: 2G
 Pre-touch: Disabled
 Parallel Workers: 8
Heap:
 PSYoungGen      total 48640K, used 5153K [0x0000000355d80000, 0x0000000359a80000, 0x0000000380800000)
  eden space 45056K, 3% used [0x0000000355d80000,0x0000000355f08530,0x0000000358980000)
  from space 3584K, 100% used [0x0000000358b00000,0x0000000358e80000,0x0000000358e80000)
  to   space 8704K, 0% used [0x0000000359200000,0x0000000359200000,0x0000000359a80000)
 ParOldGen       total 923648K, used 923514K [0x0000000300800000, 0x0000000338e00000, 0x0000000355d80000)
  object space 923648K, 99% used [0x0000000300800000,0x0000000338ddeb40,0x0000000338e00000)
GC Heap Usage History (20 events):
Event: 25777.589 {heap Before GC invocations=4347 (full 13):
 PSYoungGen      total 37888K, used 37860K [0x0000000355d80000, 0x0000000358580000, 0x0000000380800000)
  eden space 36864K, 99% used [0x0000000355d80000,0x000000035817fff0,0x0000000358180000)
  from space 1024K, 97% used [0x0000000358280000,0x0000000358379230,0x0000000358380000)
  to   space 2048K, 0% used [0x0000000358380000,0x0000000358380000,0x0000000358580000)
 ParOldGen       total 886272K, used 885490K [0x0000000300800000, 0x0000000336980000, 0x0000000355dEvent: 25777.591 {heap After GC invocations=4347 (full 13):
 PSYoungGen      total 37888K, used 2004K [0x0000000355d80000, 0x0000000358580000, 0x0000000380800000)
  eden space 35840K, 0% used [0x0000000355d80000,0x0000000355d80000,0x0000000358080000)
  from space 2048K, 97% used [0x0000000358380000,0x0000000358575220,0x0000000358580000)
  to   space 2560K, 0% used [0x0000000358080000,0x0000000358080000,0x0000000358300000)
 ParOldGen       total 886784K, used 886465K [0x0000000300800000, 0x0000000336a00000, 0x0000000355d800Event: 25777.627 {heap Before GC invocations=4348 (full 13):
 PSYoungGen      total 37888K, used 37844K [0x0000000355d80000, 0x0000000358580000, 0x0000000380800000)
  eden space 35840K, 100% used [0x0000000355d80000,0x0000000358080000,0x0000000358080000)
  from space 2048K, 97% used [0x0000000358380000,0x0000000358575220,0x0000000358580000)
  to   space 2560K, 0% used [0x0000000358080000,0x0000000358080000,0x0000000358300000)
 ParOldGen       total 886784K, used 886465K [0x0000000300800000, 0x0000000336a00000, 0x0000000355Event: 25777.634 {heap After GC invocations=4348 (full 13):
 PSYoungGen      total 37376K, used 2534K [0x0000000355d80000, 0x000000035ab80000, 0x0000000380800000)
  eden space 34816K, 0% used [0x0000000355d80000,0x0000000355d80000,0x0000000357f80000)
  from space 2560K, 98% used [0x0000000358080000,0x00000003582f9860,0x0000000358300000)
  to   space 22528K, 0% used [0x0000000359580000,0x0000000359580000,0x000000035ab80000)
 ParOldGen       total 903680K, used 903230K [0x0000000300800000, 0x0000000337a80000, 0x0000000355d80Event: 25777.701 {heap Before GC invocations=4349 (full 13):
 PSYoungGen      total 37376K, used 37350K [0x0000000355d80000, 0x000000035ab80000, 0x0000000380800000)
  eden space 34816K, 100% used [0x0000000355d80000,0x0000000357f80000,0x0000000357f80000)
  from space 2560K, 98% used [0x0000000358080000,0x00000003582f9860,0x0000000358300000)
  to   space 22528K, 0% used [0x0000000359580000,0x0000000359580000,0x000000035ab80000)
 ParOldGen       total 903680K, used 903230K [0x0000000300800000, 0x0000000337a80000, 0x000000035Event: 25777.704 {heap After GC invocations=4349 (full 13):
 PSYoungGen      total 43520K, used 9342K [0x0000000355d80000, 0x0000000359f00000, 0x0000000380800000)
  eden space 33792K, 0% used [0x0000000355d80000,0x0000000355d80000,0x0000000357e80000)
  from space 9728K, 96% used [0x0000000359580000,0x0000000359e9fb90,0x0000000359f00000)
  to   space 13312K, 0% used [0x0000000358500000,0x0000000358500000,0x0000000359200000)
 ParOldGen       total 903680K, used 903310K [0x0000000300800000, 0x0000000337a80000, 0x0000000355d80Event: 25777.713 {heap Before GC invocations=4350 (full 13):
 PSYoungGen      total 43520K, used 33916K [0x0000000355d80000, 0x0000000359f00000, 0x0000000380800000)
  eden space 33792K, 72% used [0x0000000355d80000,0x000000035757f828,0x0000000357e80000)
  from space 9728K, 96% used [0x0000000359580000,0x0000000359e9fb90,0x0000000359f00000)
  to   space 13312K, 0% used [0x0000000358500000,0x0000000358500000,0x0000000359200000)
 ParOldGen       total 903680K, used 903310K [0x0000000300800000, 0x0000000337a80000, 0x0000000355Event: 25777.716 {heap After GC invocations=4350 (full 13):
 PSYoungGen      total 45568K, used 12000K [0x0000000355d80000, 0x0000000359700000, 0x0000000380800000)
  eden space 33280K, 0% used [0x0000000355d80000,0x0000000355d80000,0x0000000357e00000)
  from space 12288K, 97% used [0x0000000358500000,0x00000003590b8010,0x0000000359100000)
  to   space 6144K, 0% used [0x0000000359100000,0x0000000359100000,0x0000000359700000)
 ParOldGen       total 914432K, used 914061K [0x0000000300800000, 0x0000000338500000, 0x0000000355d8Event: 25778.168 {heap Before GC invocations=4351 (full 13):
 PSYoungGen      total 45568K, used 45280K [0x0000000355d80000, 0x0000000359700000, 0x0000000380800000)
  eden space 33280K, 99% used [0x0000000355d80000,0x0000000357dffff8,0x0000000357e00000)
  from space 12288K, 97% used [0x0000000358500000,0x00000003590b8010,0x0000000359100000)
  to   space 6144K, 0% used [0x0000000359100000,0x0000000359100000,0x0000000359700000)
 ParOldGen       total 914432K, used 914061K [0x0000000300800000, 0x0000000338500000, 0x0000000355Event: 25778.170 {heap After GC invocations=4351 (full 13):
 PSYoungGen      total 34304K, used 1140K [0x0000000355d80000, 0x0000000359280000, 0x0000000380800000)
  eden space 32768K, 0% used [0x0000000355d80000,0x0000000355d80000,0x0000000357d80000)
  from space 1536K, 74% used [0x0000000359100000,0x000000035921d200,0x0000000359280000)
  to   space 5632K, 0% used [0x0000000358780000,0x0000000358780000,0x0000000358d00000)
 ParOldGen       total 914432K, used 914305K [0x0000000300800000, 0x0000000338500000, 0x0000000355d800Event: 25778.582 {heap Before GC invocations=4352 (full 13):
 PSYoungGen      total 34304K, used 33908K [0x0000000355d80000, 0x0000000359280000, 0x0000000380800000)
  eden space 32768K, 99% used [0x0000000355d80000,0x0000000357d7ffd8,0x0000000357d80000)
  from space 1536K, 74% used [0x0000000359100000,0x000000035921d200,0x0000000359280000)
  to   space 5632K, 0% used [0x0000000358780000,0x0000000358780000,0x0000000358d00000)
 ParOldGen       total 914432K, used 914305K [0x0000000300800000, 0x0000000338500000, 0x0000000355dEvent: 25778.584 {heap After GC invocations=4352 (full 13):
 PSYoungGen      total 37888K, used 986K [0x0000000355d80000, 0x0000000359180000, 0x0000000380800000)
  eden space 32256K, 0% used [0x0000000355d80000,0x0000000355d80000,0x0000000357d00000)
  from space 5632K, 17% used [0x0000000358780000,0x0000000358876920,0x0000000358d00000)
  to   space 2048K, 0% used [0x0000000358f80000,0x0000000358f80000,0x0000000359180000)
 ParOldGen       total 915456K, used 915349K [0x0000000300800000, 0x0000000338600000, 0x0000000355d8000Event: 25838.166 {heap Before GC invocations=4353 (full 13):
 PSYoungGen      total 37888K, used 33242K [0x0000000355d80000, 0x0000000359180000, 0x0000000380800000)
  eden space 32256K, 100% used [0x0000000355d80000,0x0000000357d00000,0x0000000357d00000)
  from space 5632K, 17% used [0x0000000358780000,0x0000000358876920,0x0000000358d00000)
  to   space 2048K, 0% used [0x0000000358f80000,0x0000000358f80000,0x0000000359180000)
 ParOldGen       total 915456K, used 915349K [0x0000000300800000, 0x0000000338600000, 0x0000000355Event: 25838.175 {heap After GC invocations=4353 (full 13):
 PSYoungGen      total 50176K, used 160K [0x0000000355d80000, 0x0000000359000000, 0x0000000380800000)
  eden space 49664K, 0% used [0x0000000355d80000,0x0000000355d80000,0x0000000358e00000)
  from space 512K, 31% used [0x0000000358f80000,0x0000000358fa8000,0x0000000359000000)
  to   space 1024K, 0% used [0x0000000358e00000,0x0000000358e00000,0x0000000358f00000)
 ParOldGen       total 915968K, used 915819K [0x0000000300800000, 0x0000000338680000, 0x0000000355d80000Event: 28929.041 {heap Before GC invocations=4354 (full 13):
 PSYoungGen      total 50176K, used 49809K [0x0000000355d80000, 0x0000000359000000, 0x0000000380800000)
  eden space 49664K, 99% used [0x0000000355d80000,0x0000000358dfc4c0,0x0000000358e00000)
  from space 512K, 31% used [0x0000000358f80000,0x0000000358fa8000,0x0000000359000000)
  to   space 1024K, 0% used [0x0000000358e00000,0x0000000358e00000,0x0000000358f00000)
 ParOldGen       total 915968K, used 915819K [0x0000000300800000, 0x0000000338680000, 0x0000000355d8Event: 28929.082 {heap After GC invocations=4354 (full 13):
 PSYoungGen      total 49152K, used 256K [0x0000000355d80000, 0x0000000359000000, 0x0000000380800000)
  eden space 48128K, 0% used [0x0000000355d80000,0x0000000355d80000,0x0000000358c80000)
  from space 1024K, 25% used [0x0000000358e00000,0x0000000358e40000,0x0000000358f00000)
  to   space 512K, 0% used [0x0000000358f80000,0x0000000358f80000,0x0000000359000000)
 ParOldGen       total 917504K, used 917344K [0x0000000300800000, 0x0000000338800000, 0x0000000355d80000Event: 30766.544 {heap Before GC invocations=4355 (full 13):
 PSYoungGen      total 49152K, used 48384K [0x0000000355d80000, 0x0000000359000000, 0x0000000380800000)
  eden space 48128K, 100% used [0x0000000355d80000,0x0000000358c80000,0x0000000358c80000)
  from space 1024K, 25% used [0x0000000358e00000,0x0000000358e40000,0x0000000358f00000)
  to   space 512K, 0% used [0x0000000358f80000,0x0000000358f80000,0x0000000359000000)
 ParOldGen       total 917504K, used 917344K [0x0000000300800000, 0x0000000338800000, 0x0000000355dEvent: 30766.561 {heap After GC invocations=4355 (full 13):
 PSYoungGen      total 47104K, used 483K [0x0000000355d80000, 0x0000000359200000, 0x0000000380800000)
  eden space 46592K, 0% used [0x0000000355d80000,0x0000000355d80000,0x0000000358b00000)
  from space 512K, 94% used [0x0000000358f80000,0x0000000358ff8cb8,0x0000000359000000)
  to   space 3584K, 0% used [0x0000000358b00000,0x0000000358b00000,0x0000000358e80000)
 ParOldGen       total 920064K, used 919588K [0x0000000300800000, 0x0000000338a80000, 0x0000000355d80000Event: 30767.233 {heap Before GC invocations=4356 (full 13):
 PSYoungGen      total 47104K, used 47075K [0x0000000355d80000, 0x0000000359200000, 0x0000000380800000)
  eden space 46592K, 100% used [0x0000000355d80000,0x0000000358b00000,0x0000000358b00000)
  from space 512K, 94% used [0x0000000358f80000,0x0000000358ff8cb8,0x0000000359000000)
  to   space 3584K, 0% used [0x0000000358b00000,0x0000000358b00000,0x0000000358e80000)
 ParOldGen       total 920064K, used 919588K [0x0000000300800000, 0x0000000338a80000, 0x0000000355dEvent: 30767.237 {heap After GC invocations=4356 (full 13):
 PSYoungGen      total 48640K, used 3584K [0x0000000355d80000, 0x0000000359a80000, 0x0000000380800000)
  eden space 45056K, 0% used [0x0000000355d80000,0x0000000355d80000,0x0000000358980000)
  from space 3584K, 100% used [0x0000000358b00000,0x0000000358e80000,0x0000000358e80000)
  to   space 8704K, 0% used [0x0000000359200000,0x0000000359200000,0x0000000359a80000)
 ParOldGen       total 923648K, used 923514K [0x0000000300800000, 0x0000000338e00000, 0x0000000355d80
Metaspace Usage History (20 events):
Event: 25777.589 {metaspace Before GC invocations=4347 (full 13):
 Metaspace       used 101725K, committed 103360K, reserved 1179648K
  class space    used 8527K, committed 9280K, reserved 1048576K
}
Event: 25777.591 {metaspace After GC invocations=4347 (full 13):
 Metaspace       used 101725K, committed 103360K, reserved 1179648K
  class space    used 8527K, committed 9280K, reserved 1048576K
}
Event: 25777.627 {metaspace Before GC invocations=4348 (full 13):
 Metaspace       used 101725K, committed 103360K, reserved 1179648K
  class space    used 8527K, committed 9280K, reserved 1048576K
}
Event: 25777.634 {metaspace After GC invocations=4348 (full 13):
 Metaspace       used 101725K, committed 103360K, reserved 1179648K
  class space    used 8527K, committed 9280K, reserved 1048576K
}
Event: 25777.701 {metaspace Before GC invocations=4349 (full 13):
 Metaspace       used 101725K, committed 103360K, reserved 1179648K
  class space    used 8527K, committed 9280K, reserved 1048576K
}
Event: 25777.704 {metaspace After GC invocations=4349 (full 13):
 Metaspace       used 101725K, committed 103360K, reserved 1179648K
  class space    used 8527K, committed 9280K, reserved 1048576K
}
Event: 25777.713 {metaspace Before GC invocations=4350 (full 13):
 Metaspace       used 101725K, committed 103360K, reserved 1179648K
  class space    used 8527K, committed 9280K, reserved 1048576K
}
Event: 25777.716 {metaspace After GC invocations=4350 (full 13):
 Metaspace       used 101725K, committed 103360K, reserved 1179648K
  class space    used 8527K, committed 9280K, reserved 1048576K
}
Event: 25778.168 {metaspace Before GC invocations=4351 (full 13):
 Metaspace       used 101725K, committed 103360K, reserved 1179648K
  class space    used 8527K, committed 9280K, reserved 1048576K
}
Event: 25778.170 {metaspace After GC invocations=4351 (full 13):
 Metaspace       used 101725K, committed 103360K, reserved 1179648K
  class space    used 8527K, committed 9280K, reserved 1048576K
}
Event: 25778.582 {metaspace Before GC invocations=4352 (full 13):
 Metaspace       used 101725K, committed 103360K, reserved 1179648K
  class space    used 8527K, committed 9280K, reserved 1048576K
}
Event: 25778.584 {metaspace After GC invocations=4352 (full 13):
 Metaspace       used 101725K, committed 103360K, reserved 1179648K
  class space    used 8527K, committed 9280K, reserved 1048576K
}
Event: 25838.166 {metaspace Before GC invocations=4353 (full 13):
 Metaspace       used 101725K, committed 103360K, reserved 1179648K
  class space    used 8527K, committed 9280K, reserved 1048576K
}
Event: 25838.175 {metaspace After GC invocations=4353 (full 13):
 Metaspace       used 101725K, committed 103360K, reserved 1179648K
  class space    used 8527K, committed 9280K, reserved 1048576K
}
Event: 28929.041 {metaspace Before GC invocations=4354 (full 13):
 Metaspace       used 101726K, committed 103360K, reserved 1179648K
  class space    used 8527K, committed 9280K, reserved 1048576K
}
Event: 28929.082 {metaspace After GC invocations=4354 (full 13):
 Metaspace       used 101726K, committed 103360K, reserved 1179648K
  class space    used 8527K, committed 9280K, reserved 1048576K
}
Event: 30766.544 {metaspace Before GC invocations=4355 (full 13):
 Metaspace       used 101984K, committed 103680K, reserved 1179648K
  class space    used 8566K, committed 9344K, reserved 1048576K
}
Event: 30766.561 {metaspace After GC invocations=4355 (full 13):
 Metaspace       used 101984K, committed 103680K, reserved 1179648K
  class space    used 8566K, committed 9344K, reserved 1048576K
}
Event: 30767.233 {metaspace Before GC invocations=4356 (full 13):
 Metaspace       used 103054K, committed 105216K, reserved 1179648K
  class space    used 8797K, committed 9728K, reserved 1048576K
}
Event: 30767.237 {metaspace After GC invocations=4356 (full 13):
 Metaspace       used 103054K, committed 105216K, reserved 1179648K
  class space    used 8797K, committed 9728K, reserved 1048576K
}

